<?xml version="1.0" encoding="UTF-8"?>
<testsuite xmlns:xsi="http://www.w3.org/2001/XMLSchema-instance" xsi:noNamespaceSchemaLocation="https://maven.apache.org/surefire/maven-surefire-plugin/xsd/surefire-test-report-3.0.xsd" version="3.0" name="service.FlooringMasterServiceLayeriImplTest" time="1.516" tests="9" errors="0" skipped="0" failures="0">
  <properties>
[...]
</properties>
  <testcase name="editOrder" classname="service.FlooringMasterServiceLayeriImplTest" time="1.437">
    <system-err><![CDATA[WARNING: A Java agent has been loaded dynamically (C:\Users\18048\.m2\repository\net\bytebuddy\byte-buddy-agent\1.14.10\byte-buddy-agent-1.14.10.jar)
WARNING: If a serviceability tool is in use, please run with -XX:+EnableDynamicAgentLoading to hide this warning
WARNING: If a serviceability tool is not in use, please run with -Djdk.instrument.traceUsage for more information
WARNING: Dynamic loading of agents will be disallowed by default in a future release
]]></system-err>
  </testcase>
  <testcase name="calculateTotal" classname="service.FlooringMasterServiceLayeriImplTest" time="0.006"/>
  <testcase name="getAllOrders" classname="service.FlooringMasterServiceLayeriImplTest" time="0.005"/>
  <testcase name="calculateTax" classname="service.FlooringMasterServiceLayeriImplTest" time="0.005"/>
  <testcase name="addOrderAndRemoveOrderTest" classname="service.FlooringMasterServiceLayeriImplTest" time="0.006"/>
  <testcase name="getUserAddOrderTest" classname="service.FlooringMasterServiceLayeriImplTest" time="0.004"/>
  <testcase name="getNewOrderNumber" classname="service.FlooringMasterServiceLayeriImplTest" time="0.004"/>
  <testcase name="calculateMaterialCost" classname="service.FlooringMasterServiceLayeriImplTest" time="0.004"/>
  <testcase name="calculateLaborCost" classname="service.FlooringMasterServiceLayeriImplTest" time="0.006"/>
</testsuite>